testcases/packed_arrayofSVI_slice_initial.sv:24: error: Unable to bind wire/reg/memory `u_I' in `top'
testcases/packed_arrayofSVI_slice_initial.sv:24: error: Concatenation/replication may not have zero width in this context.
Elaboration failed
