testcases/packed_arrayofSVI_alwayscomb.sv:22: error: Unable to bind wire/reg/memory `u_I' in `top'
testcases/packed_arrayofSVI_alwayscomb.sv:22: error: Concatenation/replication may not have zero width in this context.
Elaboration failed
